[loop-bg] ===== start 2026-02-13T15:07:53Z pid=95105 =====
[loop-supervisor] child start: 2026-02-13T15:07:53Z
[backlog-ensure] open tickets exist (3), no action

===============================================================
  Loop Iteration 1 (infinite)
===============================================================
[backlog-ensure] open tickets exist (3), no action

===============================================================
  Loop Iteration 2 (infinite)
===============================================================
[loop] completion token found. exiting.
[loop-supervisor] child exit=10 at 2026-02-13T15:11:40Z
[loop-supervisor] child start: 2026-02-13T15:11:43Z
[backlog-ensure] open tickets exist (3), no action

===============================================================
  Loop Iteration 1 (infinite)
===============================================================
[loop] completion token found. exiting.
[loop-supervisor] child exit=10 at 2026-02-13T15:15:14Z
[loop-supervisor] child start: 2026-02-13T15:15:17Z
[backlog-ensure] open tickets exist (3), no action

===============================================================
  Loop Iteration 1 (infinite)
===============================================================
[loop] completion token found. exiting.
[loop-supervisor] child exit=10 at 2026-02-13T15:16:57Z
[loop-supervisor] child start: 2026-02-13T15:17:00Z
[backlog-ensure] open tickets exist (3), no action

===============================================================
  Loop Iteration 1 (infinite)
===============================================================
